[debug] [2019-09-18T12:37:50.585Z] ----------------------------------------------------------------------
[debug] [2019-09-18T12:37:50.586Z] Command:       /usr/local/bin/node /usr/local/bin/firebase deploy
[debug] [2019-09-18T12:37:50.587Z] CLI Version:   4.0.3
[debug] [2019-09-18T12:37:50.587Z] Platform:      darwin
[debug] [2019-09-18T12:37:50.587Z] Node Version:  v10.16.3
[debug] [2019-09-18T12:37:50.587Z] Time:          Wed Sep 18 2019 18:07:50 GMT+0530 (India Standard Time)
[debug] [2019-09-18T12:37:50.587Z] ----------------------------------------------------------------------
[debug] 
[debug] [2019-09-18T12:37:50.596Z] > command requires scopes: ["email","openid","https://www.googleapis.com/auth/cloudplatformprojects.readonly","https://www.googleapis.com/auth/firebase","https://www.googleapis.com/auth/cloud-platform"]
[debug] [2019-09-18T12:37:50.596Z] > authorizing via signed-in user
[debug] [2019-09-18T12:37:50.598Z] >>> HTTP REQUEST GET https://admin.firebase.com/v1/projects/gdghyderabad-19758  
  
 Wed Sep 18 2019 18:07:50 GMT+0530 (India Standard Time)
[debug] [2019-09-18T12:37:51.961Z] <<< HTTP RESPONSE 200
[debug] [2019-09-18T12:37:51.962Z] >>> HTTP REQUEST GET https://admin.firebase.com/v1/database/gdghyderabad-19758/tokens  
  
 Wed Sep 18 2019 18:07:51 GMT+0530 (India Standard Time)
[debug] [2019-09-18T12:37:52.997Z] <<< HTTP RESPONSE 200
[warn] ⚠  functions: package.json indicates an outdated version of firebase-functions.
 Please upgrade using npm install --save firebase-functions@latest in your functions directory.
[info] 
[info] === Deploying to 'gdghyderabad-19758'...
[info] 
[info] i  deploying database, storage, functions, hosting
[info] i  database: checking rules syntax...
[debug] [2019-09-18T12:37:56.081Z] >>> HTTP REQUEST PUT https://gdghyderabad-19758.firebaseio.com/.settings/rules.json?dryRun=true  
 {
    "rules": {
      ".read": true,
      ".write": false,
      "ratings": {
        ".read": false,
        ".write": false,
        "$uid": {
          ".read": "auth.uid === $uid",
          ".write": "auth.uid === $uid"
        }
      },
      "userSessions": {
        ".read": false,
        ".write": false,
        "$uid": {
          ".read": "auth.uid === $uid",
          ".write": "auth.uid === $uid"
        }
      },
      "speakers": {
        ".read": true,
        ".write": "root.child('users').child(auth.uid).child('rules').child('speakers').val() === true"
      }
    }
  }
 
 Wed Sep 18 2019 18:07:56 GMT+0530 (India Standard Time)
